<?xml version="1.0" encoding="UTF-8"?>
<testsuite xmlns:xsi="http://www.w3.org/2001/XMLSchema-instance" xsi:noNamespaceSchemaLocation="https://maven.apache.org/surefire/maven-surefire-plugin/xsd/surefire-test-report-3.0.xsd" version="3.0" name="org.rebecalang.compiler.modelcompiler.ModelStructureTest" time="2.025" tests="9" errors="0" skipped="0" failures="0">
  <properties>
    <property name="sun.desktop" value="windows"/>
    <property name="awt.toolkit" value="sun.awt.windows.WToolkit"/>
    <property name="file.encoding.pkg" value="sun.io"/>
    <property name="java.specification.version" value="1.8"/>
    <property name="sun.cpu.isalist" value="amd64"/>
    <property name="sun.jnu.encoding" value="Cp1252"/>
    <property name="java.class.path" value="C:\Users\Taha\.m2\repository\org\apache\maven\surefire\surefire-booter\3.0.0-M3\surefire-booter-3.0.0-M3.jar;C:\Users\Taha\.m2\repository\org\apache\maven\surefire\surefire-api\3.0.0-M3\surefire-api-3.0.0-M3.jar;C:\Users\Taha\.m2\repository\org\apache\maven\surefire\surefire-logger-api\3.0.0-M3\surefire-logger-api-3.0.0-M3.jar;C:\Users\Taha\Desktop\rebecca-extension\org.rebecalang.compiler\target\test-classes;C:\Users\Taha\Desktop\rebecca-extension\org.rebecalang.compiler\target\classes;C:\Users\Taha\.m2\repository\org\junit\jupiter\junit-jupiter-api\5.7.2\junit-jupiter-api-5.7.2.jar;C:\Users\Taha\.m2\repository\org\apiguardian\apiguardian-api\1.1.0\apiguardian-api-1.1.0.jar;C:\Users\Taha\.m2\repository\org\opentest4j\opentest4j\1.2.0\opentest4j-1.2.0.jar;C:\Users\Taha\.m2\repository\org\junit\platform\junit-platform-commons\1.7.2\junit-platform-commons-1.7.2.jar;C:\Users\Taha\.m2\repository\org\junit\jupiter\junit-jupiter-engine\5.7.2\junit-jupiter-engine-5.7.2.jar;C:\Users\Taha\.m2\repository\org\junit\platform\junit-platform-engine\1.7.2\junit-platform-engine-1.7.2.jar;C:\Users\Taha\.m2\repository\org\springframework\spring-core\5.3.7\spring-core-5.3.7.jar;C:\Users\Taha\.m2\repository\org\springframework\spring-jcl\5.3.7\spring-jcl-5.3.7.jar;C:\Users\Taha\.m2\repository\org\springframework\spring-context\5.3.7\spring-context-5.3.7.jar;C:\Users\Taha\.m2\repository\org\springframework\spring-aop\5.3.7\spring-aop-5.3.7.jar;C:\Users\Taha\.m2\repository\org\springframework\spring-expression\5.3.7\spring-expression-5.3.7.jar;C:\Users\Taha\.m2\repository\org\springframework\spring-beans\5.3.7\spring-beans-5.3.7.jar;C:\Users\Taha\.m2\repository\org\springframework\spring-test\5.3.7\spring-test-5.3.7.jar;C:\Users\Taha\.m2\repository\org\antlr\antlr4\4.8-1\antlr4-4.8-1.jar;C:\Users\Taha\.m2\repository\org\antlr\antlr-runtime\3.5.2\antlr-runtime-3.5.2.jar;C:\Users\Taha\.m2\repository\org\antlr\ST4\4.3\ST4-4.3.jar;C:\Users\Taha\.m2\repository\org\abego\treelayout\org.abego.treelayout.core\1.0.3\org.abego.treelayout.core-1.0.3.jar;C:\Users\Taha\.m2\repository\org\glassfish\javax.json\1.0.4\javax.json-1.0.4.jar;C:\Users\Taha\.m2\repository\org\antlr\antlr4-runtime\4.8-1\antlr4-runtime-4.8-1.jar;C:\Users\Taha\.m2\repository\com\sun\xml\bind\jaxb-xjc\2.2\jaxb-xjc-2.2.jar;C:\Users\Taha\.m2\repository\com\sun\xml\bind\jaxb-impl\2.2\jaxb-impl-2.2.jar;C:\Users\Taha\.m2\repository\javax\xml\bind\jaxb-api\2.2\jaxb-api-2.2.jar;C:\Users\Taha\.m2\repository\javax\xml\stream\stax-api\1.0-2\stax-api-1.0-2.jar;C:\Users\Taha\.m2\repository\javax\activation\activation\1.1\activation-1.1.jar;C:\Users\Taha\.m2\repository\org\graalvm\js\js\21.1.0\js-21.1.0.jar;C:\Users\Taha\.m2\repository\org\graalvm\regex\regex\21.1.0\regex-21.1.0.jar;C:\Users\Taha\.m2\repository\org\graalvm\truffle\truffle-api\21.1.0\truffle-api-21.1.0.jar;C:\Users\Taha\.m2\repository\org\graalvm\sdk\graal-sdk\21.1.0\graal-sdk-21.1.0.jar;C:\Users\Taha\.m2\repository\com\ibm\icu\icu4j\69.1\icu4j-69.1.jar;C:\Users\Taha\.m2\repository\org\projectlombok\lombok\1.18.20\lombok-1.18.20.jar;C:\Users\Taha\.m2\repository\org\apache\maven\surefire\surefire-junit-platform\3.0.0-M3\surefire-junit-platform-3.0.0-M3.jar;C:\Users\Taha\.m2\repository\org\apache\maven\surefire\common-java5\3.0.0-M3\common-java5-3.0.0-M3.jar;C:\Users\Taha\.m2\repository\org\junit\platform\junit-platform-launcher\1.3.1\junit-platform-launcher-1.3.1.jar"/>
    <property name="java.vm.vendor" value="Oracle Corporation"/>
    <property name="sun.arch.data.model" value="64"/>
    <property name="user.variant" value=""/>
    <property name="java.vendor.url" value="http://java.oracle.com/"/>
    <property name="user.timezone" value="Asia/Tehran"/>
    <property name="java.vm.specification.version" value="1.8"/>
    <property name="os.name" value="Windows 10"/>
    <property name="user.country" value="US"/>
    <property name="sun.java.launcher" value="SUN_STANDARD"/>
    <property name="sun.boot.library.path" value="C:\Program Files\Java\jdk1.8.0_121\jre\bin"/>
    <property name="sun.java.command" value="org.apache.maven.surefire.booter.ForkedBooter C:\Users\Taha\AppData\Local\Temp\surefire712141588882727329 2021-07-19T10-58-44_275-jvmRun1 surefire939287113843809508tmp surefire_07359455448493223040tmp"/>
    <property name="surefire.test.class.path" value="C:\Users\Taha\Desktop\rebecca-extension\org.rebecalang.compiler\target\test-classes;C:\Users\Taha\Desktop\rebecca-extension\org.rebecalang.compiler\target\classes;C:\Users\Taha\.m2\repository\org\junit\jupiter\junit-jupiter-api\5.7.2\junit-jupiter-api-5.7.2.jar;C:\Users\Taha\.m2\repository\org\apiguardian\apiguardian-api\1.1.0\apiguardian-api-1.1.0.jar;C:\Users\Taha\.m2\repository\org\opentest4j\opentest4j\1.2.0\opentest4j-1.2.0.jar;C:\Users\Taha\.m2\repository\org\junit\platform\junit-platform-commons\1.7.2\junit-platform-commons-1.7.2.jar;C:\Users\Taha\.m2\repository\org\junit\jupiter\junit-jupiter-engine\5.7.2\junit-jupiter-engine-5.7.2.jar;C:\Users\Taha\.m2\repository\org\junit\platform\junit-platform-engine\1.7.2\junit-platform-engine-1.7.2.jar;C:\Users\Taha\.m2\repository\org\springframework\spring-core\5.3.7\spring-core-5.3.7.jar;C:\Users\Taha\.m2\repository\org\springframework\spring-jcl\5.3.7\spring-jcl-5.3.7.jar;C:\Users\Taha\.m2\repository\org\springframework\spring-context\5.3.7\spring-context-5.3.7.jar;C:\Users\Taha\.m2\repository\org\springframework\spring-aop\5.3.7\spring-aop-5.3.7.jar;C:\Users\Taha\.m2\repository\org\springframework\spring-expression\5.3.7\spring-expression-5.3.7.jar;C:\Users\Taha\.m2\repository\org\springframework\spring-beans\5.3.7\spring-beans-5.3.7.jar;C:\Users\Taha\.m2\repository\org\springframework\spring-test\5.3.7\spring-test-5.3.7.jar;C:\Users\Taha\.m2\repository\org\antlr\antlr4\4.8-1\antlr4-4.8-1.jar;C:\Users\Taha\.m2\repository\org\antlr\antlr-runtime\3.5.2\antlr-runtime-3.5.2.jar;C:\Users\Taha\.m2\repository\org\antlr\ST4\4.3\ST4-4.3.jar;C:\Users\Taha\.m2\repository\org\abego\treelayout\org.abego.treelayout.core\1.0.3\org.abego.treelayout.core-1.0.3.jar;C:\Users\Taha\.m2\repository\org\glassfish\javax.json\1.0.4\javax.json-1.0.4.jar;C:\Users\Taha\.m2\repository\org\antlr\antlr4-runtime\4.8-1\antlr4-runtime-4.8-1.jar;C:\Users\Taha\.m2\repository\com\sun\xml\bind\jaxb-xjc\2.2\jaxb-xjc-2.2.jar;C:\Users\Taha\.m2\repository\com\sun\xml\bind\jaxb-impl\2.2\jaxb-impl-2.2.jar;C:\Users\Taha\.m2\repository\javax\xml\bind\jaxb-api\2.2\jaxb-api-2.2.jar;C:\Users\Taha\.m2\repository\javax\xml\stream\stax-api\1.0-2\stax-api-1.0-2.jar;C:\Users\Taha\.m2\repository\javax\activation\activation\1.1\activation-1.1.jar;C:\Users\Taha\.m2\repository\org\graalvm\js\js\21.1.0\js-21.1.0.jar;C:\Users\Taha\.m2\repository\org\graalvm\regex\regex\21.1.0\regex-21.1.0.jar;C:\Users\Taha\.m2\repository\org\graalvm\truffle\truffle-api\21.1.0\truffle-api-21.1.0.jar;C:\Users\Taha\.m2\repository\org\graalvm\sdk\graal-sdk\21.1.0\graal-sdk-21.1.0.jar;C:\Users\Taha\.m2\repository\com\ibm\icu\icu4j\69.1\icu4j-69.1.jar;C:\Users\Taha\.m2\repository\org\projectlombok\lombok\1.18.20\lombok-1.18.20.jar;"/>
    <property name="sun.cpu.endian" value="little"/>
    <property name="user.home" value="C:\Users\Taha"/>
    <property name="user.language" value="en"/>
    <property name="java.specification.vendor" value="Oracle Corporation"/>
    <property name="java.home" value="C:\Program Files\Java\jdk1.8.0_121\jre"/>
    <property name="basedir" value="C:\Users\Taha\Desktop\rebecca-extension\org.rebecalang.compiler"/>
    <property name="file.separator" value="\"/>
    <property name="line.separator" value="&#10;"/>
    <property name="idea.version2019.2.3" value="true"/>
    <property name="java.vm.specification.vendor" value="Oracle Corporation"/>
    <property name="java.specification.name" value="Java Platform API Specification"/>
    <property name="java.awt.graphicsenv" value="sun.awt.Win32GraphicsEnvironment"/>
    <property name="sun.boot.class.path" value="C:\Program Files\Java\jdk1.8.0_121\jre\lib\resources.jar;C:\Program Files\Java\jdk1.8.0_121\jre\lib\rt.jar;C:\Program Files\Java\jdk1.8.0_121\jre\lib\sunrsasign.jar;C:\Program Files\Java\jdk1.8.0_121\jre\lib\jsse.jar;C:\Program Files\Java\jdk1.8.0_121\jre\lib\jce.jar;C:\Program Files\Java\jdk1.8.0_121\jre\lib\charsets.jar;C:\Program Files\Java\jdk1.8.0_121\jre\lib\jfr.jar;C:\Program Files\Java\jdk1.8.0_121\jre\classes"/>
    <property name="user.script" value=""/>
    <property name="sun.management.compiler" value="HotSpot 64-Bit Tiered Compilers"/>
    <property name="java.runtime.version" value="1.8.0_121-b13"/>
    <property name="java.net.preferIPv4Stack" value="true"/>
    <property name="user.name" value="Taha"/>
    <property name="path.separator" value=";"/>
    <property name="os.version" value="10.0"/>
    <property name="java.endorsed.dirs" value="C:\Program Files\Java\jdk1.8.0_121\jre\lib\endorsed"/>
    <property name="java.runtime.name" value="Java(TM) SE Runtime Environment"/>
    <property name="file.encoding" value="Cp1252"/>
    <property name="java.vm.name" value="Java HotSpot(TM) 64-Bit Server VM"/>
    <property name="localRepository" value="C:\Users\Taha\.m2\repository"/>
    <property name="java.vendor.url.bug" value="http://bugreport.sun.com/bugreport/"/>
    <property name="java.io.tmpdir" value="C:\Users\Taha\AppData\Local\Temp\"/>
    <property name="java.version" value="1.8.0_121"/>
    <property name="user.dir" value="C:\Users\Taha\Desktop\rebecca-extension\org.rebecalang.compiler"/>
    <property name="os.arch" value="amd64"/>
    <property name="java.vm.specification.name" value="Java Virtual Machine Specification"/>
    <property name="java.awt.printerjob" value="sun.awt.windows.WPrinterJob"/>
    <property name="sun.os.patch.level" value=""/>
    <property name="java.library.path" value="C:\Program Files\Java\jdk1.8.0_121\jre\bin;C:\WINDOWS\Sun\Java\bin;C:\WINDOWS\system32;C:\WINDOWS;H:\Program Files (x86)\VMware\VMware Workstation\bin\;C:\Python38\Scripts\;C:\Python38\;C:\Program Files (x86)\Intel\iCLS Client\;C:\Program Files\Intel\iCLS Client\;C:\Windows\system32;C:\Windows;C:\Windows\System32\Wbem;C:\Windows\System32\WindowsPowerShell\v1.0\;C:\Program Files (x86)\NVIDIA Corporation\PhysX\Common;C:\Program Files (x86)\Intel\Intel(R) Management Engine Components\DAL;C:\Program Files\Intel\Intel(R) Management Engine Components\DAL;C:\Program Files (x86)\Intel\Intel(R) Management Engine Components\IPT;C:\Program Files\Intel\Intel(R) Management Engine Components\IPT;C:\Program Files\Microsoft\Web Platform Installer\;C:\Program Files (x86)\Microsoft ASP.NET\ASP.NET Web Pages\v1.0\;C:\Program Files (x86)\Windows Kits\8.0\Windows Performance Toolkit\;C:\Program Files\Microsoft SQL Server\110\Tools\Binn\;C:\WINDOWS\system32;C:\WINDOWS;C:\WINDOWS\System32\Wbem;C:\WINDOWS\System32\WindowsPowerShell\v1.0\;C:\WINDOWS\System32\OpenSSH\;H:\Program Files\Git\cmd;C:\Program Files\Intel\WiFi\bin\;C:\Program Files\Common Files\Intel\WirelessCommon\;H:\Program Files (x86)\Yarn\bin\;H:\Program Files\MATLAB\R2018b\runtime\win64;H:\Program Files\MATLAB\R2018b\bin;C:\xampp\php;C:\ProgramData\ComposerSetup\bin;C:\Program Files\NVIDIA Corporation\NVIDIA NvDLISR;C:\WINDOWS\system32;C:\WINDOWS;C:\WINDOWS\System32\Wbem;C:\WINDOWS\System32\WindowsPowerShell\v1.0\;C:\WINDOWS\System32\OpenSSH\;C:\Program Files\Android\Android Studio3.1\jre\bin;C:\ProgramData\Oracle\Java\javapath;C:\Users\Taha\AppData\Local\Android\sdk\platform-tools\;C:\Program Files\Docker\Docker\resources\bin;C:\ProgramData\DockerDesktop\version-bin;H:\Program Files\nodejs\;C:\ProgramData\chocolatey\bin;H:\Ruby27-x64\bin;C:\Program Files\MySQL\MySQL Shell 8.0\bin\;C:\Python27;C:\Users\Taha\AppData\Local\Programs\Python\Python37\Scripts\;C:\Users\Taha\AppData\Local\Programs\Python\Python37\;C:\Users\Taha\AppData\Local\Microsoft\WindowsApps;C:\Program Files\Intel\WiFi\bin\;C:\Program Files\Common Files\Intel\WirelessCommon\;C:\Users\Taha\AppData\Local\Android\sdk\platform-tools;C:\Users\Taha\AppData\Local\atom\bin;C:\Users\Taha\AppData\Local\Yarn\bin;H:\Program Files\Microsoft VS Code\bin;H:\altera\13.0sp1\modelsim_ase\win32aloem;C:\MinGW\bin;C:\Users\Taha\AppData\Roaming\Composer\vendor\bin;C:\Users\Taha\AppData\Local\Microsoft\WindowsApps;C:\Program Files\Android\Android Studio3.1\jre\bin;C:\Users\Taha\.android\avd;C:\Users\Taha\.android;F:\apache-maven-3.6.3\bin;C:\Program Files\Docker\Docker\resources\bin;C:\Users\Taha\AppData\Roaming\npm;F:\nginx;C:\Cassandra\apache-cassandra-3.11.10;;."/>
    <property name="java.vm.info" value="mixed mode"/>
    <property name="java.vendor" value="Oracle Corporation"/>
    <property name="java.vm.version" value="25.121-b13"/>
    <property name="java.ext.dirs" value="C:\Program Files\Java\jdk1.8.0_121\jre\lib\ext;C:\WINDOWS\Sun\Java\lib\ext"/>
    <property name="sun.io.unicode.encoding" value="UnicodeLittle"/>
    <property name="java.class.version" value="52.0"/>
  </properties>
  <testcase name="GIVEN_ManyTests_WHEN_AllAreCorrect_THEN_NoError" classname="org.rebecalang.compiler.modelcompiler.ModelStructureTest" time="1.381"/>
  <testcase name="GIVEN_TimedRebecaModelWithTypesAndMethods_WHEN_CoreIs2_1_THEN_NoErrors" classname="org.rebecalang.compiler.modelcompiler.ModelStructureTest" time="0.019"/>
  <testcase name="GIVEN_SchedularTimedRebecaModel_WHEN_CoreIs2_1_THEN_4Errors" classname="org.rebecalang.compiler.modelcompiler.ModelStructureTest" time="0.449"/>
  <testcase name="GIVEN_ProbabilisticRebecaModelWithStatements_WHEN_CoreIs2_1_THEN_NoErrors" classname="org.rebecalang.compiler.modelcompiler.ModelStructureTest" time="0.009"/>
  <testcase name="GIVEN_CoreRebecaModelWithCompilerError_WHEN_CoreIs2_1_THEN_1Error" classname="org.rebecalang.compiler.modelcompiler.ModelStructureTest" time="0.002"/>
  <testcase name="GIVEN_WSANTimedRebecaModel_WEHN_CoreIs2_1_THEN_NoError" classname="org.rebecalang.compiler.modelcompiler.ModelStructureTest" time="0.092"/>
  <testcase name="GIVEN_TimedRebecaModelWithPriority_WHEN_CoreIs2_1_THEN_2Errors" classname="org.rebecalang.compiler.modelcompiler.ModelStructureTest" time="0.002"/>
  <testcase name="GIVEN_CorrectCoreRebecaModelWithInitialMethod_WHEN_CoreIs2_0_THEN_1Error" classname="org.rebecalang.compiler.modelcompiler.ModelStructureTest" time="0.002"/>
  <testcase name="GIVEN_CoreRebecaModelWithDifferentExpressions_WHEN_CoreIs2_1_THEN_1Error" classname="org.rebecalang.compiler.modelcompiler.ModelStructureTest" time="0.017"/>
</testsuite>